app/build/intermediates/manifest_merge_blame_file/debug/manifest-merger-blame-debug-report.txt
1<?xml version="1.0" encoding="utf-8"?>
2<manifest xmlns:android="http://schemas.android.com/apk/res/android"
3    package="com.egehankarakose.radaralert"
4    android:versionCode="1"
5    android:versionName="1.0" >
6
7    <uses-sdk
8        android:minSdkVersion="21"
8-->src/main/AndroidManifest.xml
9        android:targetSdkVersion="28" />
9-->src/main/AndroidManifest.xml
10
11    <!--
12         The ACCESS_COARSE/FINE_LOCATION permissions are not required to use
13         Google Maps Android API v2, but you must specify either coarse or fine
14         location permissions for the 'MyLocation' functionality.
15    -->
16    <uses-permission android:name="android.permission.ACCESS_FINE_LOCATION" />
16-->src/main/AndroidManifest.xml:10:5-79
16-->src/main/AndroidManifest.xml:10:22-76
17    <uses-permission android:name="android.permission.INTERNET" />
17-->src/main/AndroidManifest.xml:11:5-66
17-->src/main/AndroidManifest.xml:11:22-64
18    <uses-permission android:name="android.permission.WRITE_EXTERNAL_STORAGE" />
18-->src/main/AndroidManifest.xml:12:5-80
18-->src/main/AndroidManifest.xml:12:22-78
19    <uses-permission android:name="com.google.android.providers.gsf.permission.READ_GSERVICES" />
19-->src/main/AndroidManifest.xml:13:5-97
19-->src/main/AndroidManifest.xml:13:22-95
20    <uses-permission android:name="android.permission.ACCESS_COARSE_LOCATION" />
20-->src/main/AndroidManifest.xml:14:5-80
20-->src/main/AndroidManifest.xml:14:22-78
21    <uses-permission android:name="android.permission.VIBRATE" />
21-->src/main/AndroidManifest.xml:15:5-66
21-->src/main/AndroidManifest.xml:15:22-63
22
23    <uses-feature
23-->src/main/AndroidManifest.xml:16:5-85
24        android:name="android.hardware.location"
24-->src/main/AndroidManifest.xml:16:19-59
25        android:required="true" />
25-->src/main/AndroidManifest.xml:16:60-83
26    <uses-feature
26-->src/main/AndroidManifest.xml:17:5-93
27        android:name="android.hardware.location.network"
27-->src/main/AndroidManifest.xml:17:19-67
28        android:required="true" />
28-->src/main/AndroidManifest.xml:17:68-91
29    <uses-feature
29-->src/main/AndroidManifest.xml:18:5-89
30        android:name="android.hardware.location.gps"
30-->src/main/AndroidManifest.xml:18:19-63
31        android:required="true" />
31-->src/main/AndroidManifest.xml:18:64-87
32
33    <uses-permission android:name="android.permission.ACCESS_NETWORK_STATE" />
33-->[com.firebaseui:firebase-ui-auth:4.3.1] AndroidManifest.xml:12:5-79
33-->[com.firebaseui:firebase-ui-auth:4.3.1] AndroidManifest.xml:12:22-76
34
35    <uses-feature
35-->[com.google.android.gms:play-services-maps:17.0.0] AndroidManifest.xml:26:5-28:35
36        android:glEsVersion="0x00020000"
36-->[com.google.android.gms:play-services-maps:17.0.0] AndroidManifest.xml:27:9-41
37        android:required="true" />
37-->[com.google.android.gms:play-services-maps:17.0.0] AndroidManifest.xml:28:9-32
38
39    <application
39-->src/main/AndroidManifest.xml:21:5-55:19
40        android:allowBackup="true"
40-->src/main/AndroidManifest.xml:22:9-35
41        android:appComponentFactory="androidx.core.app.CoreComponentFactory"
41-->[androidx.core:core:1.0.2] AndroidManifest.xml:22:18-86
42        android:debuggable="true"
43        android:icon="@mipmap/ic_launcher"
43-->src/main/AndroidManifest.xml:23:9-43
44        android:label="@string/app_name"
44-->src/main/AndroidManifest.xml:24:9-41
45        android:roundIcon="@mipmap/ic_launcher_round"
45-->src/main/AndroidManifest.xml:25:9-54
46        android:supportsRtl="true"
46-->src/main/AndroidManifest.xml:26:9-35
47        android:theme="@style/AppTheme" >
47-->src/main/AndroidManifest.xml:27:9-40
48
49        <!--
50             The API key for Google Maps-based APIs is defined as a string resource.
51             (See the file "res/values/google_maps_api.xml").
52             Note that the API key is linked to the encryption key used to sign the APK.
53             You need a different API key for each encryption key, including the release key that is used to
54             sign the APK for publishing.
55             You can define the keys for the debug and release targets in src/debug/ and src/release/.
56        -->
57        <meta-data
57-->src/main/AndroidManifest.xml:37:9-39:55
58            android:name="com.google.android.geo.API_KEY"
58-->src/main/AndroidManifest.xml:38:13-58
59            android:value="@string/google_maps_key" />
59-->src/main/AndroidManifest.xml:39:13-52
60
61        <activity
61-->src/main/AndroidManifest.xml:41:9-43:68
62            android:name="com.egehankarakose.radaralert.MapsActivity"
62-->src/main/AndroidManifest.xml:42:13-41
63            android:label="@string/title_activity_maps" />
63-->src/main/AndroidManifest.xml:43:13-56
64        <activity android:name="com.egehankarakose.radaralert.LoginActivity" >
64-->src/main/AndroidManifest.xml:44:9-50:20
64-->src/main/AndroidManifest.xml:44:19-48
65            <intent-filter>
65-->src/main/AndroidManifest.xml:45:13-49:29
66                <action android:name="android.intent.action.MAIN" />
66-->src/main/AndroidManifest.xml:46:17-69
66-->src/main/AndroidManifest.xml:46:25-66
67
68                <category android:name="android.intent.category.LAUNCHER" />
68-->src/main/AndroidManifest.xml:48:17-77
68-->src/main/AndroidManifest.xml:48:27-74
69            </intent-filter>
70        </activity>
71        <activity android:name="com.egehankarakose.radaralert.RegisterActivity" />
71-->src/main/AndroidManifest.xml:51:9-63
71-->src/main/AndroidManifest.xml:51:19-51
72        <activity android:name="com.egehankarakose.radaralert.MainActivity" />
72-->src/main/AndroidManifest.xml:52:9-50
72-->src/main/AndroidManifest.xml:52:19-47
73
74        <uses-library
74-->src/main/AndroidManifest.xml:54:9-101
75            android:name="org.apache.http.legacy"
75-->src/main/AndroidManifest.xml:54:23-60
76            android:required="false" />
76-->src/main/AndroidManifest.xml:54:61-85
77
78        <meta-data
78-->[com.firebaseui:firebase-ui-auth:4.3.1] AndroidManifest.xml:16:9-18:69
79            android:name="com.google.android.gms.version"
79-->[com.firebaseui:firebase-ui-auth:4.3.1] AndroidManifest.xml:17:13-58
80            android:value="@integer/google_play_services_version" />
80-->[com.firebaseui:firebase-ui-auth:4.3.1] AndroidManifest.xml:18:13-66
81        <meta-data
81-->[com.firebaseui:firebase-ui-auth:4.3.1] AndroidManifest.xml:19:9-21:63
82            android:name="com.facebook.sdk.ApplicationId"
82-->[com.firebaseui:firebase-ui-auth:4.3.1] AndroidManifest.xml:20:13-58
83            android:value="@string/facebook_application_id" />
83-->[com.firebaseui:firebase-ui-auth:4.3.1] AndroidManifest.xml:21:13-60
84
85        <activity
85-->[com.firebaseui:firebase-ui-auth:4.3.1] AndroidManifest.xml:23:9-27:61
86            android:name="com.firebase.ui.auth.KickoffActivity"
86-->[com.firebaseui:firebase-ui-auth:4.3.1] AndroidManifest.xml:24:13-64
87            android:exported="false"
87-->[com.firebaseui:firebase-ui-auth:4.3.1] AndroidManifest.xml:25:13-37
88            android:label=""
88-->[com.firebaseui:firebase-ui-auth:4.3.1] AndroidManifest.xml:26:13-29
89            android:theme="@style/FirebaseUI.Transparent" />
89-->[com.firebaseui:firebase-ui-auth:4.3.1] AndroidManifest.xml:27:13-58
90        <activity
90-->[com.firebaseui:firebase-ui-auth:4.3.1] AndroidManifest.xml:28:9-32:61
91            android:name="com.firebase.ui.auth.ui.idp.SingleSignInActivity"
91-->[com.firebaseui:firebase-ui-auth:4.3.1] AndroidManifest.xml:29:13-76
92            android:exported="false"
92-->[com.firebaseui:firebase-ui-auth:4.3.1] AndroidManifest.xml:30:13-37
93            android:label=""
93-->[com.firebaseui:firebase-ui-auth:4.3.1] AndroidManifest.xml:31:13-29
94            android:theme="@style/FirebaseUI.Transparent" />
94-->[com.firebaseui:firebase-ui-auth:4.3.1] AndroidManifest.xml:32:13-58
95        <activity
95-->[com.firebaseui:firebase-ui-auth:4.3.1] AndroidManifest.xml:33:9-37:61
96            android:name="com.firebase.ui.auth.ui.credentials.CredentialSaveActivity"
96-->[com.firebaseui:firebase-ui-auth:4.3.1] AndroidManifest.xml:34:13-86
97            android:exported="false"
97-->[com.firebaseui:firebase-ui-auth:4.3.1] AndroidManifest.xml:35:13-37
98            android:label=""
98-->[com.firebaseui:firebase-ui-auth:4.3.1] AndroidManifest.xml:36:13-29
99            android:theme="@style/FirebaseUI.Transparent" />
99-->[com.firebaseui:firebase-ui-auth:4.3.1] AndroidManifest.xml:37:13-58
100        <activity
100-->[com.firebaseui:firebase-ui-auth:4.3.1] AndroidManifest.xml:38:9-42:58
101            android:name="com.firebase.ui.auth.ui.email.RecoverPasswordActivity"
101-->[com.firebaseui:firebase-ui-auth:4.3.1] AndroidManifest.xml:39:13-81
102            android:exported="false"
102-->[com.firebaseui:firebase-ui-auth:4.3.1] AndroidManifest.xml:40:13-37
103            android:label="@string/fui_title_recover_password_activity"
103-->[com.firebaseui:firebase-ui-auth:4.3.1] AndroidManifest.xml:41:13-72
104            android:windowSoftInputMode="adjustResize" />
104-->[com.firebaseui:firebase-ui-auth:4.3.1] AndroidManifest.xml:42:13-55
105        <activity
105-->[com.firebaseui:firebase-ui-auth:4.3.1] AndroidManifest.xml:43:9-47:58
106            android:name="com.firebase.ui.auth.ui.email.EmailActivity"
106-->[com.firebaseui:firebase-ui-auth:4.3.1] AndroidManifest.xml:44:13-71
107            android:exported="false"
107-->[com.firebaseui:firebase-ui-auth:4.3.1] AndroidManifest.xml:45:13-37
108            android:label="@string/fui_sign_in_default"
108-->[com.firebaseui:firebase-ui-auth:4.3.1] AndroidManifest.xml:46:13-56
109            android:windowSoftInputMode="adjustResize" />
109-->[com.firebaseui:firebase-ui-auth:4.3.1] AndroidManifest.xml:47:13-55
110        <activity
110-->[com.firebaseui:firebase-ui-auth:4.3.1] AndroidManifest.xml:48:9-52:77
111            android:name="com.firebase.ui.auth.ui.phone.PhoneActivity"
111-->[com.firebaseui:firebase-ui-auth:4.3.1] AndroidManifest.xml:49:13-71
112            android:exported="false"
112-->[com.firebaseui:firebase-ui-auth:4.3.1] AndroidManifest.xml:50:13-37
113            android:label="@string/fui_sign_in_with_phone_number"
113-->[com.firebaseui:firebase-ui-auth:4.3.1] AndroidManifest.xml:51:13-66
114            android:windowSoftInputMode="adjustResize|stateAlwaysVisible" />
114-->[com.firebaseui:firebase-ui-auth:4.3.1] AndroidManifest.xml:52:13-74
115        <activity
115-->[com.firebaseui:firebase-ui-auth:4.3.1] AndroidManifest.xml:53:9-57:58
116            android:name="com.firebase.ui.auth.ui.idp.WelcomeBackIdpPrompt"
116-->[com.firebaseui:firebase-ui-auth:4.3.1] AndroidManifest.xml:54:13-76
117            android:exported="false"
117-->[com.firebaseui:firebase-ui-auth:4.3.1] AndroidManifest.xml:55:13-37
118            android:label="@string/fui_title_welcome_back_idp_prompt"
118-->[com.firebaseui:firebase-ui-auth:4.3.1] AndroidManifest.xml:56:13-70
119            android:windowSoftInputMode="adjustResize" />
119-->[com.firebaseui:firebase-ui-auth:4.3.1] AndroidManifest.xml:57:13-55
120        <activity
120-->[com.firebaseui:firebase-ui-auth:4.3.1] AndroidManifest.xml:58:9-62:58
121            android:name="com.firebase.ui.auth.ui.email.WelcomeBackPasswordPrompt"
121-->[com.firebaseui:firebase-ui-auth:4.3.1] AndroidManifest.xml:59:13-83
122            android:exported="false"
122-->[com.firebaseui:firebase-ui-auth:4.3.1] AndroidManifest.xml:60:13-37
123            android:label="@string/fui_title_welcome_back_password_prompt"
123-->[com.firebaseui:firebase-ui-auth:4.3.1] AndroidManifest.xml:61:13-75
124            android:windowSoftInputMode="adjustResize" />
124-->[com.firebaseui:firebase-ui-auth:4.3.1] AndroidManifest.xml:62:13-55
125        <activity
125-->[com.firebaseui:firebase-ui-auth:4.3.1] AndroidManifest.xml:63:9-67:58
126            android:name="com.firebase.ui.auth.ui.email.WelcomeBackEmailLinkPrompt"
126-->[com.firebaseui:firebase-ui-auth:4.3.1] AndroidManifest.xml:64:13-84
127            android:exported="false"
127-->[com.firebaseui:firebase-ui-auth:4.3.1] AndroidManifest.xml:65:13-37
128            android:label="@string/fui_title_welcome_back_password_prompt"
128-->[com.firebaseui:firebase-ui-auth:4.3.1] AndroidManifest.xml:66:13-75
129            android:windowSoftInputMode="adjustResize" />
129-->[com.firebaseui:firebase-ui-auth:4.3.1] AndroidManifest.xml:67:13-55
130        <activity
130-->[com.firebaseui:firebase-ui-auth:4.3.1] AndroidManifest.xml:68:9-73:58
131            android:name="com.firebase.ui.auth.ui.email.EmailLinkCatcherActivity"
131-->[com.firebaseui:firebase-ui-auth:4.3.1] AndroidManifest.xml:69:13-82
132            android:exported="false"
132-->[com.firebaseui:firebase-ui-auth:4.3.1] AndroidManifest.xml:70:13-37
133            android:label=""
133-->[com.firebaseui:firebase-ui-auth:4.3.1] AndroidManifest.xml:71:13-29
134            android:theme="@style/FirebaseUI.Transparent"
134-->[com.firebaseui:firebase-ui-auth:4.3.1] AndroidManifest.xml:72:13-58
135            android:windowSoftInputMode="adjustResize" />
135-->[com.firebaseui:firebase-ui-auth:4.3.1] AndroidManifest.xml:73:13-55
136        <activity
136-->[com.firebaseui:firebase-ui-auth:4.3.1] AndroidManifest.xml:74:9-78:58
137            android:name="com.firebase.ui.auth.ui.email.EmailLinkErrorRecoveryActivity"
137-->[com.firebaseui:firebase-ui-auth:4.3.1] AndroidManifest.xml:75:13-88
138            android:exported="false"
138-->[com.firebaseui:firebase-ui-auth:4.3.1] AndroidManifest.xml:76:13-37
139            android:label="@string/fui_sign_in_default"
139-->[com.firebaseui:firebase-ui-auth:4.3.1] AndroidManifest.xml:77:13-56
140            android:windowSoftInputMode="adjustResize" />
140-->[com.firebaseui:firebase-ui-auth:4.3.1] AndroidManifest.xml:78:13-55
141        <activity
141-->[com.firebaseui:firebase-ui-auth:4.3.1] AndroidManifest.xml:79:9-82:65
142            android:name="com.firebase.ui.auth.ui.idp.AuthMethodPickerActivity"
142-->[com.firebaseui:firebase-ui-auth:4.3.1] AndroidManifest.xml:80:13-80
143            android:exported="false"
143-->[com.firebaseui:firebase-ui-auth:4.3.1] AndroidManifest.xml:81:13-37
144            android:label="@string/fui_default_toolbar_title" />
144-->[com.firebaseui:firebase-ui-auth:4.3.1] AndroidManifest.xml:82:13-62
145        <activity
145-->[com.firebaseui:firebase-ui-auth:4.3.1] AndroidManifest.xml:83:9-87:48
146            android:name="com.facebook.FacebookActivity"
146-->[com.firebaseui:firebase-ui-auth:4.3.1] AndroidManifest.xml:84:13-57
147            android:configChanges="keyboard|keyboardHidden|screenLayout|screenSize|orientation"
147-->[com.firebaseui:firebase-ui-auth:4.3.1] AndroidManifest.xml:85:13-96
148            android:label="@string/app_name"
148-->[com.firebaseui:firebase-ui-auth:4.3.1] AndroidManifest.xml:86:13-45
149            android:theme="@style/com_facebook_activity_theme" />
149-->[com.facebook.android:facebook-common:5.0.1] AndroidManifest.xml:32:13-63
150        <activity
150-->[com.firebaseui:firebase-ui-auth:4.3.1] AndroidManifest.xml:88:9-100:20
151            android:name="com.facebook.CustomTabActivity"
151-->[com.firebaseui:firebase-ui-auth:4.3.1] AndroidManifest.xml:89:13-58
152            android:exported="true" >
152-->[com.firebaseui:firebase-ui-auth:4.3.1] AndroidManifest.xml:90:13-36
153            <intent-filter>
153-->[com.firebaseui:firebase-ui-auth:4.3.1] AndroidManifest.xml:92:13-99:29
154                <action android:name="android.intent.action.VIEW" />
154-->[com.firebaseui:firebase-ui-auth:4.3.1] AndroidManifest.xml:93:17-69
154-->[com.firebaseui:firebase-ui-auth:4.3.1] AndroidManifest.xml:93:25-66
155
156                <category android:name="android.intent.category.DEFAULT" />
156-->[com.firebaseui:firebase-ui-auth:4.3.1] AndroidManifest.xml:95:17-76
156-->[com.firebaseui:firebase-ui-auth:4.3.1] AndroidManifest.xml:95:27-73
157                <category android:name="android.intent.category.BROWSABLE" />
157-->[com.firebaseui:firebase-ui-auth:4.3.1] AndroidManifest.xml:96:17-78
157-->[com.firebaseui:firebase-ui-auth:4.3.1] AndroidManifest.xml:96:27-75
158
159                <data android:scheme="@string/facebook_login_protocol_scheme" />
159-->[com.firebaseui:firebase-ui-auth:4.3.1] AndroidManifest.xml:98:17-81
159-->[com.firebaseui:firebase-ui-auth:4.3.1] AndroidManifest.xml:98:23-78
160            </intent-filter>
161        </activity>
162
163        <provider
163-->[com.firebaseui:firebase-ui-auth:4.3.1] AndroidManifest.xml:102:9-106:38
164            android:name="com.firebase.ui.auth.data.client.AuthUiInitProvider"
164-->[com.firebaseui:firebase-ui-auth:4.3.1] AndroidManifest.xml:103:13-79
165            android:authorities="com.egehankarakose.radaralert.authuiinitprovider"
165-->[com.firebaseui:firebase-ui-auth:4.3.1] AndroidManifest.xml:104:13-70
166            android:exported="false"
166-->[com.firebaseui:firebase-ui-auth:4.3.1] AndroidManifest.xml:105:13-37
167            android:initOrder="90" />
167-->[com.firebaseui:firebase-ui-auth:4.3.1] AndroidManifest.xml:106:13-35
168
169        <activity android:name="com.facebook.CustomTabMainActivity" />
169-->[com.facebook.android:facebook-common:5.0.1] AndroidManifest.xml:33:9-71
169-->[com.facebook.android:facebook-common:5.0.1] AndroidManifest.xml:33:19-68
170        <activity
170-->[com.google.firebase:firebase-auth:19.0.0] AndroidManifest.xml:24:9-31:50
171            android:name="com.google.firebase.auth.internal.FederatedSignInActivity"
171-->[com.google.firebase:firebase-auth:19.0.0] AndroidManifest.xml:25:13-85
172            android:excludeFromRecents="true"
172-->[com.google.firebase:firebase-auth:19.0.0] AndroidManifest.xml:26:13-46
173            android:exported="true"
173-->[com.google.firebase:firebase-auth:19.0.0] AndroidManifest.xml:27:13-36
174            android:launchMode="singleTask"
174-->[com.google.firebase:firebase-auth:19.0.0] AndroidManifest.xml:28:13-44
175            android:permission="com.google.firebase.auth.api.gms.permission.LAUNCH_FEDERATED_SIGN_IN"
175-->[com.google.firebase:firebase-auth:19.0.0] AndroidManifest.xml:29:13-102
176            android:theme="@android:style/Theme.Translucent.NoTitleBar" />
176-->[com.google.firebase:firebase-auth:19.0.0] AndroidManifest.xml:30:13-72
177
178        <service
178-->[com.google.firebase:firebase-auth:19.0.0] AndroidManifest.xml:33:9-39:19
179            android:name="com.google.firebase.components.ComponentDiscoveryService"
179-->[com.google.firebase:firebase-auth:19.0.0] AndroidManifest.xml:34:13-84
180            android:exported="false" >
180-->[com.google.firebase:firebase-auth:19.0.0] AndroidManifest.xml:35:13-37
181            <meta-data
181-->[com.google.firebase:firebase-auth:19.0.0] AndroidManifest.xml:36:13-38:85
182                android:name="com.google.firebase.components:com.google.firebase.auth.FirebaseAuthRegistrar"
182-->[com.google.firebase:firebase-auth:19.0.0] AndroidManifest.xml:37:17-109
183                android:value="com.google.firebase.components.ComponentRegistrar" />
183-->[com.google.firebase:firebase-auth:19.0.0] AndroidManifest.xml:38:17-82
184        </service>
185
186        <activity
186-->[com.google.android.gms:play-services-auth:16.0.1] AndroidManifest.xml:23:9-27:75
187            android:name="com.google.android.gms.auth.api.signin.internal.SignInHubActivity"
187-->[com.google.android.gms:play-services-auth:16.0.1] AndroidManifest.xml:24:13-93
188            android:excludeFromRecents="true"
188-->[com.google.android.gms:play-services-auth:16.0.1] AndroidManifest.xml:25:13-46
189            android:exported="false"
189-->[com.google.android.gms:play-services-auth:16.0.1] AndroidManifest.xml:26:13-37
190            android:theme="@android:style/Theme.Translucent.NoTitleBar" />
190-->[com.google.android.gms:play-services-auth:16.0.1] AndroidManifest.xml:27:13-72
191        <!--
192            Service handling Google Sign-In user revocation. For apps that do not integrate with
193            Google Sign-In, this service will never be started.
194        -->
195        <service
195-->[com.google.android.gms:play-services-auth:16.0.1] AndroidManifest.xml:33:9-36:110
196            android:name="com.google.android.gms.auth.api.signin.RevocationBoundService"
196-->[com.google.android.gms:play-services-auth:16.0.1] AndroidManifest.xml:34:13-89
197            android:exported="true"
197-->[com.google.android.gms:play-services-auth:16.0.1] AndroidManifest.xml:35:13-36
198            android:permission="com.google.android.gms.auth.api.signin.permission.REVOCATION_NOTIFICATION" />
198-->[com.google.android.gms:play-services-auth:16.0.1] AndroidManifest.xml:36:13-107
199
200        <activity
200-->[com.google.android.gms:play-services-base:17.1.0] AndroidManifest.xml:23:9-26:75
201            android:name="com.google.android.gms.common.api.GoogleApiActivity"
201-->[com.google.android.gms:play-services-base:17.1.0] AndroidManifest.xml:24:13-79
202            android:exported="false"
202-->[com.google.android.gms:play-services-base:17.1.0] AndroidManifest.xml:25:13-37
203            android:theme="@android:style/Theme.Translucent.NoTitleBar" />
203-->[com.google.android.gms:play-services-base:17.1.0] AndroidManifest.xml:26:13-72
204
205        <provider
205-->[com.google.firebase:firebase-common:19.0.0] AndroidManifest.xml:12:9-16:39
206            android:name="com.google.firebase.provider.FirebaseInitProvider"
206-->[com.google.firebase:firebase-common:19.0.0] AndroidManifest.xml:13:13-77
207            android:authorities="com.egehankarakose.radaralert.firebaseinitprovider"
207-->[com.google.firebase:firebase-common:19.0.0] AndroidManifest.xml:14:13-72
208            android:exported="false"
208-->[com.google.firebase:firebase-common:19.0.0] AndroidManifest.xml:15:13-37
209            android:initOrder="100" />
209-->[com.google.firebase:firebase-common:19.0.0] AndroidManifest.xml:16:13-36
210        <!--
211         The initialization ContentProvider will call FacebookSdk.sdkInitialize automatically
212         with the application context. This config is merged in with the host app's manifest,
213         but there can only be one provider with the same authority activated at any given
214         point; so if the end user has two or more different apps that use Facebook SDK, only the
215         first one will be able to use the provider. To work around this problem, we use the
216         following placeholder in the authority to identify each host application as if it was
217         a completely different provider.
218        -->
219        <provider
219-->[com.facebook.android:facebook-core:5.0.1] AndroidManifest.xml:39:9-42:40
220            android:name="com.facebook.internal.FacebookInitProvider"
220-->[com.facebook.android:facebook-core:5.0.1] AndroidManifest.xml:40:13-70
221            android:authorities="com.egehankarakose.radaralert.FacebookInitProvider"
221-->[com.facebook.android:facebook-core:5.0.1] AndroidManifest.xml:41:13-72
222            android:exported="false" />
222-->[com.facebook.android:facebook-core:5.0.1] AndroidManifest.xml:42:13-37
223
224        <receiver
224-->[com.facebook.android:facebook-core:5.0.1] AndroidManifest.xml:44:9-50:20
225            android:name="com.facebook.CurrentAccessTokenExpirationBroadcastReceiver"
225-->[com.facebook.android:facebook-core:5.0.1] AndroidManifest.xml:45:13-86
226            android:exported="false" >
226-->[com.facebook.android:facebook-core:5.0.1] AndroidManifest.xml:46:13-37
227            <intent-filter>
227-->[com.facebook.android:facebook-core:5.0.1] AndroidManifest.xml:47:13-49:29
228                <action android:name="com.facebook.sdk.ACTION_CURRENT_ACCESS_TOKEN_CHANGED" />
228-->[com.facebook.android:facebook-core:5.0.1] AndroidManifest.xml:48:17-95
228-->[com.facebook.android:facebook-core:5.0.1] AndroidManifest.xml:48:25-92
229            </intent-filter>
230        </receiver>
231        <receiver
231-->[com.facebook.android:facebook-core:5.0.1] AndroidManifest.xml:51:9-58:20
232            android:name="com.facebook.CampaignTrackingReceiver"
232-->[com.facebook.android:facebook-core:5.0.1] AndroidManifest.xml:52:13-65
233            android:exported="true"
233-->[com.facebook.android:facebook-core:5.0.1] AndroidManifest.xml:53:13-36
234            android:permission="android.permission.INSTALL_PACKAGES" >
234-->[com.facebook.android:facebook-core:5.0.1] AndroidManifest.xml:54:13-69
235            <intent-filter>
235-->[com.facebook.android:facebook-core:5.0.1] AndroidManifest.xml:55:13-57:29
236                <action android:name="com.android.vending.INSTALL_REFERRER" />
236-->[com.facebook.android:facebook-core:5.0.1] AndroidManifest.xml:56:17-79
236-->[com.facebook.android:facebook-core:5.0.1] AndroidManifest.xml:56:25-76
237            </intent-filter>
238        </receiver>
239
240        <provider
240-->[androidx.lifecycle:lifecycle-process:2.0.0] AndroidManifest.xml:23:9-27:43
241            android:name="androidx.lifecycle.ProcessLifecycleOwnerInitializer"
241-->[androidx.lifecycle:lifecycle-process:2.0.0] AndroidManifest.xml:24:13-79
242            android:authorities="com.egehankarakose.radaralert.lifecycle-process"
242-->[androidx.lifecycle:lifecycle-process:2.0.0] AndroidManifest.xml:25:13-69
243            android:exported="false"
243-->[androidx.lifecycle:lifecycle-process:2.0.0] AndroidManifest.xml:26:13-37
244            android:multiprocess="true" />
244-->[androidx.lifecycle:lifecycle-process:2.0.0] AndroidManifest.xml:27:13-40
245    </application>
246
247</manifest>